<?xml version="1.0" encoding="UTF-8"?>
<testng-results skipped="0" failed="0" ignored="0" total="1" passed="1">
  <reporter-output>
  </reporter-output>
  <suite name="Default suite" duration-ms="132473" started-at="2019-02-12T04:40:19Z" finished-at="2019-02-12T04:42:32Z">
    <groups>
    </groups>
    <test name="Default test" duration-ms="132473" started-at="2019-02-12T04:40:19Z" finished-at="2019-02-12T04:42:32Z">
      <class name="actionDemos.UploadFile">
        <test-method status="PASS" signature="Ufile()[pri:0, instance:actionDemos.UploadFile@1753acfe]" name="Ufile" duration-ms="132415" started-at="2019-02-12T10:10:19Z" finished-at="2019-02-12T10:12:32Z">
          <reporter-output>
          </reporter-output>
        </test-method> <!-- Ufile -->
      </class> <!-- actionDemos.UploadFile -->
    </test> <!-- Default test -->
  </suite> <!-- Default suite -->
</testng-results>
